<?xml version="1.0" encoding="UTF-8"?>
<!-- Generated by org.testng.reporters.JUnitXMLReporter -->
<testsuite ignored="3" hostname="DESKTOP-R6BD6UD" failures="0" tests="1" name="Default test" time="47.561" errors="0" timestamp="2023-02-22T15:05:03 IST">
  <testcase classname="com.sw.test.GetPetShopTest" name="checkInvalidGetPetStatusCodeTest" time="47.504"/>
  <testcase classname="com.sw.test.GetPetShopTest" name="checkValidPetResponseTest" time="0.0">
    <ignored/>
  </testcase> <!-- checkValidPetResponseTest -->
  <testcase classname="com.sw.test.GetPetShopTest" name="checkPetByStatusResponseTest" time="0.0">
    <ignored/>
  </testcase> <!-- checkPetByStatusResponseTest -->
  <testcase classname="com.sw.test.GetPetShopTest" name="checkValidPetStatusCodeTest" time="0.0">
    <ignored/>
  </testcase> <!-- checkValidPetStatusCodeTest -->
</testsuite> <!-- Default test -->
