<?xml version="1.0" encoding="UTF-8"?>
<testng-results ignored="3" total="4" passed="1" failed="0" skipped="0">
  <reporter-output>
  </reporter-output>
  <suite started-at="2023-02-22T15:04:15 IST" name="Default suite" finished-at="2023-02-22T15:05:03 IST" duration-ms="47561">
    <groups>
    </groups>
    <test started-at="2023-02-22T15:04:15 IST" name="Default test" finished-at="2023-02-22T15:05:03 IST" duration-ms="47561">
      <class name="com.sw.test.GetPetShopTest">
        <test-method signature="checkInvalidGetPetStatusCodeTest()[pri:0, instance:com.sw.test.GetPetShopTest@5403f35f]" started-at="2023-02-22T15:04:15 IST" name="checkInvalidGetPetStatusCodeTest" finished-at="2023-02-22T15:05:03 IST" duration-ms="47504" status="PASS">
          <reporter-output>
          </reporter-output>
        </test-method> <!-- checkInvalidGetPetStatusCodeTest -->
      </class> <!-- com.sw.test.GetPetShopTest -->
    </test> <!-- Default test -->
  </suite> <!-- Default suite -->
</testng-results>
